{
  "RSpec": {
    "coverage": {
      "/Users/theodorestaros/turing/projects/black_thursday_main/black_thursday/lib/item.rb": {
        "lines": [
          1,
          1,
          null,
          null,
          null,
          null,
          null,
          null,
          null,
          1,
          60,
          60,
          60,
          60,
          60,
          60,
          60,
          null,
          null,
          1,
          0,
          null,
          null
        ]
      },
      "/Users/theodorestaros/turing/projects/black_thursday_main/black_thursday/lib/item_repository.rb": {
        "lines": [
          1,
          1,
          null,
          1,
          3,
          3,
          null,
          null,
          1,
          3,
          60,
          60,
          null,
          null,
          null,
          null,
          null,
          null,
          null,
          null,
          null
        ]
      },
      "/Users/theodorestaros/turing/projects/black_thursday_main/black_thursday/lib/merchant.rb": {
        "lines": [
          1,
          1,
          null,
          1,
          0,
          0,
          null,
          null
        ]
      },
      "/Users/theodorestaros/turing/projects/black_thursday_main/black_thursday/lib/sales_engine.rb": {
        "lines": [
          1,
          1,
          null,
          null
        ]
      }
    },
    "timestamp": 1622668379
  }
}
